[INFO] 2023-10-23 00:46:40.352743 Servidor escutando pela porta 1234.
[AVISO] 2023-10-23 00:48:34.274412 Login falhou: Usuário yuri não existe.
[AVISO] 2023-10-23 00:48:46.508430 Login falhou: Usuário uau não existe.
[INFO] 2023-10-23 00:51:32.630196 Servidor escutando pela porta 1234.
[INFO] 2023-10-23 00:51:38.590359 Cadastro bem-sucedido: Usuário yuri cadastrado.
[INFO] 2023-10-23 00:51:38.644357 Login bem-sucedido: usuário yuri entrou.
[INFO] 2023-10-23 00:52:02.149981 Cadastro bem-sucedido: Usuário uau cadastrado.
[INFO] 2023-10-23 00:52:02.207983 Login bem-sucedido: usuário uau entrou.
[AVISO] 2023-10-23 00:53:09.983642 Login falhou: Tentativa de relogar o usuário uau.
[INFO] 2023-10-23 00:53:18.483640 Servidor escutando pela porta 1234.
[INFO] 2023-10-23 00:53:24.999275 Login bem-sucedido: usuário uau entrou.
[INFO] 2023-10-23 00:55:16.057358 Servidor escutando pela porta 1234.
[INFO] 2023-10-23 01:01:04.666891 Login bem-sucedido: usuário uau entrou.
[INFO] 2023-10-23 01:01:59.295872 Servidor escutando pela porta 1234.
[INFO] 2023-10-23 01:02:05.597156 Login bem-sucedido: usuário uau entrou.
[INFO] 2023-10-23 01:02:34.128417 Login bem-sucedido: usuário yuri entrou.
[INFO] 2023-10-23 01:02:59.144028 Verificação bem-sucedida: usuário uau teve seu token validado.
[INFO] 2023-10-23 01:03:01.347169 Verificação bem-sucedida: usuário yuri teve seu token validado.
[INFO] 2023-10-23 01:06:21.780617 Servidor escutando pela porta 1234.
[INFO] 2023-10-23 01:06:26.473602 Login bem-sucedido: usuário uau entrou.
[INFO] 2023-10-23 01:06:31.952965 Login bem-sucedido: usuário yuri entrou.
[INFO] 2023-10-23 01:06:55.919758 Verificação bem-sucedida: usuário yuri teve seu token validado.
[INFO] 2023-10-23 01:06:56.895973 Verificação bem-sucedida: usuário uau teve seu token validado.
[INFO] 2023-10-23 01:07:24.903187 Verificação bem-sucedida: usuário yuri teve seu token validado.
[INFO] 2023-10-23 01:08:06.957324 Verificação bem-sucedida: usuário uau teve seu token validado.
[INFO] 2023-10-23 01:08:08.629171 Verificação bem-sucedida: usuário yuri teve seu token validado.
[INFO] 2023-10-23 01:10:48.857937 Servidor escutando pela porta 1234.
[INFO] 2023-10-23 01:10:55.982936 Login bem-sucedido: usuário yuri entrou.
[INFO] 2023-10-23 01:11:00.842314 Login bem-sucedido: usuário uau entrou.
[INFO] 2023-10-23 01:11:07.061073 Verificação bem-sucedida: usuário uau teve seu token validado.
[INFO] 2023-10-23 01:11:16.093488 Verificação bem-sucedida: usuário yuri teve seu token validado.
[INFO] 2023-10-23 01:11:47.643818 Verificação bem-sucedida: usuário uau teve seu token validado.
[INFO] 2023-10-23 01:14:30.685088 Servidor escutando pela porta 1234.
[INFO] 2023-10-23 01:14:39.120496 Login bem-sucedido: usuário uau entrou.
[INFO] 2023-10-23 01:15:07.331242 Servidor escutando pela porta 1234.
[INFO] 2023-10-23 01:15:10.503118 Login bem-sucedido: usuário uau entrou.
[INFO] 2023-10-23 01:15:16.674998 Login bem-sucedido: usuário yuri entrou.
[INFO] 2023-10-23 01:15:39.206239 Verificação bem-sucedida: usuário uau teve seu token validado.
[INFO] 2023-10-23 01:15:40.643741 Verificação bem-sucedida: usuário yuri teve seu token validado.
[INFO] 2023-10-23 01:16:01.408141 Verificação bem-sucedida: usuário uau teve seu token validado.
[INFO] 2023-10-23 01:18:08.817246 Verificação bem-sucedida: usuário uau teve seu token validado.
[INFO] 2023-10-23 01:18:10.672983 Verificação bem-sucedida: usuário yuri teve seu token validado.
[INFO] 2023-10-23 01:18:29.472188 Verificação bem-sucedida: usuário uau teve seu token validado.
[INFO] 2023-10-23 01:19:08.800641 Verificação bem-sucedida: usuário yuri teve seu token validado.
[INFO] 2023-10-23 01:19:21.846386 Verificação bem-sucedida: usuário uau teve seu token validado.
[INFO] 2023-10-23 01:20:01.253523 Verificação bem-sucedida: usuário yuri teve seu token validado.
[INFO] 2023-10-23 01:20:29.508415 Verificação bem-sucedida: usuário uau teve seu token validado.
[INFO] 2023-10-23 01:20:31.012364 Verificação bem-sucedida: usuário yuri teve seu token validado.
[INFO] 2023-10-23 01:21:02.916179 Verificação bem-sucedida: usuário uau teve seu token validado.
[INFO] 2023-10-23 01:23:16.671882 Servidor escutando pela porta 1234.
[INFO] 2023-10-23 01:23:38.530832 Login bem-sucedido: usuário uau entrou.
[AVISO] 2023-10-23 01:24:20.789656 Login falhou: Usuário  não existe.
[INFO] 2023-10-23 01:24:29.442541 Login bem-sucedido: usuário yuri entrou.
[INFO] 2023-10-23 01:24:38.739783 Verificação bem-sucedida: usuário yuri teve seu token validado.
[INFO] 2023-10-23 01:24:41.067704 Verificação bem-sucedida: usuário uau teve seu token validado.
[INFO] 2023-10-23 01:25:40.176139 Servidor escutando pela porta 1234.
[INFO] 2023-10-23 01:25:46.512072 Login bem-sucedido: usuário uau entrou.
[INFO] 2023-10-23 01:25:55.657361 Verificação bem-sucedida: usuário uau teve seu token validado.
[INFO] 2023-10-23 01:26:45.806839 Login bem-sucedido: usuário yuri entrou.
[INFO] 2023-10-23 01:26:55.702816 Verificação bem-sucedida: usuário yuri teve seu token validado.
[INFO] 2023-10-23 01:30:20.467681 Servidor escutando pela porta 1234.
[INFO] 2023-10-23 01:30:27.360234 Login bem-sucedido: usuário uau entrou.
[INFO] 2023-10-23 01:30:32.597255 Login bem-sucedido: usuário yuri entrou.
[INFO] 2023-10-23 01:30:43.951394 Verificação bem-sucedida: usuário yuri teve seu token validado.
[INFO] 2023-10-23 01:30:52.806657 Verificação bem-sucedida: usuário uau teve seu token validado.
[INFO] 2023-10-23 01:32:34.924057 Verificação bem-sucedida: usuário uau teve seu token validado.
[INFO] 2023-10-23 01:32:36.180197 Verificação bem-sucedida: usuário yuri teve seu token validado.
[INFO] 2023-10-23 01:32:49.731587 Verificação bem-sucedida: usuário yuri teve seu token validado.
[INFO] 2023-10-23 01:35:07.719072 Verificação bem-sucedida: usuário uau teve seu token validado.
[INFO] 2023-10-23 01:35:13.297744 Servidor escutando pela porta 1234.
[INFO] 2023-10-23 01:35:19.137411 Login bem-sucedido: usuário yuri entrou.
[INFO] 2023-10-23 01:35:23.549484 Login bem-sucedido: usuário uau entrou.
[INFO] 2023-10-23 01:35:26.090457 Logout bem-sucedido: usuário uau saiu.
[INFO] 2023-10-23 01:37:21.781058 Servidor escutando pela porta 1234.
[INFO] 2023-10-23 01:37:28.773174 Login bem-sucedido: usuário uau entrou.
[INFO] 2023-10-23 01:37:32.023251 Logout bem-sucedido: usuário uau saiu.
[INFO] 2023-10-23 01:38:22.582556 Servidor escutando pela porta 1234.
[INFO] 2023-10-23 01:38:28.381150 Login bem-sucedido: usuário yuri entrou.
[INFO] 2023-10-23 01:38:28.901208 Logout bem-sucedido: usuário yuri saiu.
[INFO] 2023-10-23 12:56:55.596427 Servidor escutando pela porta 1234.
[INFO] 2023-10-23 12:57:20.691237 Login bem-sucedido: usuário yuri entrou.
[INFO] 2023-10-23 12:57:31.036000 Login bem-sucedido: usuário uau entrou.
[INFO] 2023-10-23 12:57:54.334148 Logout bem-sucedido: usuário uau saiu.
[INFO] 2023-10-23 12:57:59.380842 Login bem-sucedido: usuário uau entrou.
[INFO] 2023-10-23 12:58:37.260027 Verificação bem-sucedida: usuário yuri teve seu token validado.
[INFO] 2023-10-23 12:58:39.589573 Verificação bem-sucedida: usuário uau teve seu token validado.
[INFO] 2023-10-23 12:58:58.834197 Verificação bem-sucedida: usuário yuri teve seu token validado.
[INFO] 2023-10-23 12:59:04.694640 Logout bem-sucedido: usuário uau saiu.
[INFO] 2023-10-23 12:59:06.460244 Logout bem-sucedido: usuário yuri saiu.
[INFO] 2023-10-23 13:01:13.258012 Login bem-sucedido: usuário yuri entrou.
[INFO] 2023-10-23 13:01:18.099339 Login bem-sucedido: usuário uau entrou.
[INFO] 2023-10-23 13:02:40.291543 Verificação bem-sucedida: usuário uau teve seu token validado.
[INFO] 2023-10-23 13:02:41.338427 Verificação bem-sucedida: usuário yuri teve seu token validado.
[INFO] 2023-10-23 13:04:06.994583 Verificação bem-sucedida: usuário uau teve seu token validado.
[INFO] 2023-10-23 13:04:08.151010 Logout bem-sucedido: usuário uau saiu.
[INFO] 2023-10-23 13:04:09.595659 Logout bem-sucedido: usuário yuri saiu.
[INFO] 2023-10-23 13:04:16.037863 Login bem-sucedido: usuário yuri entrou.
[INFO] 2023-10-23 13:04:19.959741 Login bem-sucedido: usuário uau entrou.
[INFO] 2023-10-23 13:04:39.273623 Verificação bem-sucedida: usuário yuri teve seu token validado.
[INFO] 2023-10-23 13:04:40.632630 Verificação bem-sucedida: usuário uau teve seu token validado.
[INFO] 2023-10-23 14:01:23.370913 Verificação bem-sucedida: usuário yuri teve seu token validado.
[INFO] 2023-10-23 14:07:34.757826 Logout bem-sucedido: usuário uau saiu.
