[INFO] 2023-10-23 00:46:37.337118 Servidor disponível pela porta 1235.
[INFO] 2023-10-23 01:02:59.144028 Jogador uau entrou na fila.
[INFO] 2023-10-23 01:03:01.347169 Jogador yuri entrou na fila.
[INFO] 2023-10-23 01:03:01.347169 Partida(s) disponível(is). Pareando uau com yuri.
[INFO] 2023-10-23 01:03:03.862777 Partida pronta entre uau e yuri; enviando os dados de um para o outro.
[INFO] 2023-10-23 01:06:20.037035 Servidor disponível pela porta 1235.
[INFO] 2023-10-23 01:06:55.919758 Jogador yuri entrou na fila.
[INFO] 2023-10-23 01:06:56.895973 Jogador uau entrou na fila.
[INFO] 2023-10-23 01:06:56.895973 Partida(s) disponível(is). Pareando yuri com uau.
[INFO] 2023-10-23 01:06:59.007050 Partida pronta entre yuri e uau; enviando os dados de um para o outro.
[INFO] 2023-10-23 01:07:24.903187 Jogador yuri reportou o fim de sua partida.
[INFO] 2023-10-23 01:08:06.957324 Jogador uau entrou na fila.
[INFO] 2023-10-23 01:08:08.630173 Jogador yuri entrou na fila.
[INFO] 2023-10-23 01:08:08.630173 Partida(s) disponível(is). Pareando uau com yuri.
[INFO] 2023-10-23 01:08:12.580199 Partida pronta entre uau e yuri; enviando os dados de um para o outro.
[INFO] 2023-10-23 01:10:47.502994 Servidor disponível pela porta 1235.
[INFO] 2023-10-23 01:11:07.061073 Jogador uau entrou na fila.
[INFO] 2023-10-23 01:11:16.093488 Jogador yuri entrou na fila.
[INFO] 2023-10-23 01:11:16.093488 Partida(s) disponível(is). Pareando uau com yuri.
[INFO] 2023-10-23 01:11:18.265384 Partida pronta entre uau e yuri; enviando os dados de um para o outro.
[INFO] 2023-10-23 01:11:47.643818 Jogador uau reportou o fim de sua partida.
[INFO] 2023-10-23 01:14:31.930347 Servidor disponível pela porta 1235.
[INFO] 2023-10-23 01:15:06.924992 Servidor disponível pela porta 1235.
[INFO] 2023-10-23 01:15:39.206239 Jogador uau entrou na fila.
[INFO] 2023-10-23 01:15:40.643741 Jogador yuri entrou na fila.
[INFO] 2023-10-23 01:15:40.643741 Partida(s) disponível(is). Pareando uau com yuri.
[INFO] 2023-10-23 01:15:43.675135 Partida pronta entre uau e yuri; enviando os dados de um para o outro.
[INFO] 2023-10-23 01:16:01.408141 Jogador uau reportou o fim de sua partida.
[INFO] 2023-10-23 01:18:08.817246 Jogador uau entrou na fila.
[INFO] 2023-10-23 01:18:10.672983 Jogador yuri entrou na fila.
[INFO] 2023-10-23 01:18:10.673986 Partida(s) disponível(is). Pareando uau com yuri.
[INFO] 2023-10-23 01:18:13.456200 Partida pronta entre uau e yuri; enviando os dados de um para o outro.
[INFO] 2023-10-23 01:18:29.473190 Jogador uau reportou o fim de sua partida.
[INFO] 2023-10-23 01:19:08.801653 Jogador yuri entrou na fila.
[INFO] 2023-10-23 01:19:21.847386 Jogador uau entrou na fila.
[INFO] 2023-10-23 01:19:21.847386 Partida(s) disponível(is). Pareando yuri com uau.
[INFO] 2023-10-23 01:19:27.861948 Partida pronta entre yuri e uau; enviando os dados de um para o outro.
[INFO] 2023-10-23 01:20:01.253523 Jogador yuri reportou o fim de sua partida.
[INFO] 2023-10-23 01:20:29.508415 Jogador uau entrou na fila.
[INFO] 2023-10-23 01:20:31.013364 Jogador yuri entrou na fila.
[INFO] 2023-10-23 01:20:31.013364 Partida(s) disponível(is). Pareando uau com yuri.
[INFO] 2023-10-23 01:20:32.995774 Partida pronta entre uau e yuri; enviando os dados de um para o outro.
[INFO] 2023-10-23 01:21:02.916179 Jogador uau reportou o fim de sua partida.
[INFO] 2023-10-23 01:23:15.452111 Servidor disponível pela porta 1235.
[INFO] 2023-10-23 01:24:38.739783 Jogador yuri entrou na fila.
[INFO] 2023-10-23 01:24:41.067704 Jogador uau entrou na fila.
[INFO] 2023-10-23 01:24:41.067704 Partida(s) disponível(is). Pareando yuri com uau.
[INFO] 2023-10-23 01:24:43.275722 Partida pronta entre yuri e uau; enviando os dados de um para o outro.
[INFO] 2023-10-23 01:25:38.716015 Servidor disponível pela porta 1235.
[INFO] 2023-10-23 01:25:55.657361 Jogador uau entrou na fila.
[INFO] 2023-10-23 01:26:55.702816 Jogador yuri entrou na fila.
[INFO] 2023-10-23 01:26:55.702816 Partida(s) disponível(is). Pareando uau com yuri.
[INFO] 2023-10-23 01:27:01.829330 Partida pronta entre uau e yuri; enviando os dados de um para o outro.
[INFO] 2023-10-23 01:30:21.017318 Servidor disponível pela porta 1235.
[INFO] 2023-10-23 01:30:43.951394 Jogador yuri entrou na fila.
[INFO] 2023-10-23 01:30:52.806657 Jogador uau entrou na fila.
[INFO] 2023-10-23 01:30:52.806657 Partida(s) disponível(is). Pareando yuri com uau.
[INFO] 2023-10-23 01:30:54.868471 Partida pronta entre yuri e uau; enviando os dados de um para o outro.
[INFO] 2023-10-23 01:32:34.924057 Jogador uau entrou na fila.
[INFO] 2023-10-23 01:32:36.180197 Jogador yuri reportou o fim de sua partida.
[INFO] 2023-10-23 01:32:49.731587 Jogador yuri entrou na fila.
[INFO] 2023-10-23 01:32:49.731587 Partida(s) disponível(is). Pareando uau com yuri.
[INFO] 2023-10-23 01:32:52.186930 Partida pronta entre uau e yuri; enviando os dados de um para o outro.
[INFO] 2023-10-23 01:35:07.719072 Jogador uau reportou o fim de sua partida.
[INFO] 2023-10-23 01:35:13.572810 Servidor disponível pela porta 1235.
[INFO] 2023-10-23 01:38:21.351393 Servidor disponível pela porta 1235.
[INFO] 2023-10-23 12:57:03.877691 Servidor disponível pela porta 1235.
[INFO] 2023-10-23 12:58:37.260027 Jogador yuri entrou na fila.
[INFO] 2023-10-23 12:58:39.589573 Jogador uau entrou na fila.
[INFO] 2023-10-23 12:58:39.589573 Partida(s) disponível(is). Pareando yuri com uau.
[INFO] 2023-10-23 12:58:44.136451 Partida pronta entre yuri e uau; enviando os dados de um para o outro.
[INFO] 2023-10-23 12:58:58.834197 Jogador yuri reportou o fim de sua partida.
[INFO] 2023-10-23 13:02:40.291543 Jogador uau entrou na fila.
[INFO] 2023-10-23 13:02:41.338427 Jogador yuri entrou na fila.
[INFO] 2023-10-23 13:02:41.338427 Partida(s) disponível(is). Pareando uau com yuri.
[INFO] 2023-10-23 13:02:43.775926 Partida pronta entre uau e yuri; enviando os dados de um para o outro.
[INFO] 2023-10-23 13:04:06.994583 Jogador uau reportou o fim de sua partida.
[INFO] 2023-10-23 13:04:39.273623 Jogador yuri entrou na fila.
[INFO] 2023-10-23 13:04:40.632630 Jogador uau entrou na fila.
[INFO] 2023-10-23 13:04:40.632630 Partida(s) disponível(is). Pareando yuri com uau.
[INFO] 2023-10-23 13:04:45.382626 Partida pronta entre yuri e uau; enviando os dados de um para o outro.
[INFO] 2023-10-23 14:01:23.371914 Jogador yuri reportou o fim de sua partida.
